\BOOKMARK [0][-]{section*.1}{Contents}{}% 1
\BOOKMARK [0][-]{chapter.1}{Practical skills in chemistry}{}% 2
\BOOKMARK [1][-]{section.1.1}{Practical stuff 1.1.1 \046 1.1.2}{chapter.1}% 3
\BOOKMARK [1][-]{section.1.2}{The reviewing 1.1.3 \046 1.1.4}{chapter.1}% 4
\BOOKMARK [0][-]{chapter.2}{Foundations in Chemistry}{}% 5
\BOOKMARK [1][-]{section.2.1}{Atomic Structures and Isotopes 2.1.1}{chapter.2}% 6
\BOOKMARK [1][-]{section.2.2}{Compounds, formulae and equations 2.1.2}{chapter.2}% 7
\BOOKMARK [1][-]{section.2.3}{Amount of substances 2.1.3}{chapter.2}% 8
\BOOKMARK [1][-]{section.2.4}{Acids 2.1.4}{chapter.2}% 9
\BOOKMARK [1][-]{section.2.5}{Redox 2.1.5}{chapter.2}% 10
\BOOKMARK [1][-]{section.2.6}{Electron structure 2.2.1}{chapter.2}% 11
\BOOKMARK [1][-]{section.2.7}{Bonding 2.2.2}{chapter.2}% 12
\BOOKMARK [1][-]{section.2.8}{The shapes of simple molecules and ions 2.2.2}{chapter.2}% 13
\BOOKMARK [1][-]{section.2.9}{Electronegativity and bond polarity 2.2.2}{chapter.2}% 14
\BOOKMARK [1][-]{section.2.10}{Intermolecular Forces 2.2.2}{chapter.2}% 15
\BOOKMARK [0][-]{chapter.3}{Rates of reactions}{}% 16
\BOOKMARK [1][-]{section.3.1}{Order, rate equation and rate reactions}{chapter.3}% 17
\BOOKMARK [1][-]{section.3.2}{Concentration-time graph}{chapter.3}% 18
\BOOKMARK [1][-]{section.3.3}{Rate-concentration graphs and initial rates}{chapter.3}% 19
\BOOKMARK [0][-]{chapter.4}{Organic chemistry and analysis}{}% 20
